
state 0
	$accept: .toplvl $end 

	INT  shift 7
	UINT  shift 8
	NUM  shift 6
	FUNC  shift 5
	NAME  shift 9
	TIME  shift 10
	'-'  shift 3
	'!'  shift 11
	'^'  shift 12
	'('  shift 4
	.  error

	expr  goto 2
	toplvl  goto 1

state 1
	$accept:  toplvl.$end 

	$end  accept
	.  error


state 2
	toplvl:  expr.    (1)
	expr:  expr.'+' expr 
	expr:  expr.'-' expr 
	expr:  expr.'*' expr 
	expr:  expr.'/' expr 
	expr:  expr.'%' expr 
	expr:  expr.SLEFT expr 
	expr:  expr.SRIGHT expr 
	expr:  expr.'<' expr 
	expr:  expr.'>' expr 
	expr:  expr.LE expr 
	expr:  expr.GE expr 
	expr:  expr.'=' expr 
	expr:  expr.EQN expr 
	expr:  expr.NEQ expr 
	expr:  expr.AND expr 
	expr:  expr.OR expr 
	expr:  expr.'&' expr 
	expr:  expr.'|' expr 

	OR  shift 28
	AND  shift 27
	'='  shift 24
	EQN  shift 25
	NEQ  shift 26
	'<'  shift 20
	'>'  shift 21
	LE  shift 22
	GE  shift 23
	'+'  shift 13
	'-'  shift 14
	'*'  shift 15
	'/'  shift 16
	'%'  shift 17
	'&'  shift 29
	'|'  shift 30
	SLEFT  shift 18
	SRIGHT  shift 19
	.  reduce 1 (src line 49)


state 3
	expr:  '-'.expr 

	INT  shift 7
	UINT  shift 8
	NUM  shift 6
	FUNC  shift 5
	NAME  shift 9
	TIME  shift 10
	'-'  shift 3
	'!'  shift 11
	'^'  shift 12
	'('  shift 4
	.  error

	expr  goto 31

state 4
	expr:  '('.expr ')' 

	INT  shift 7
	UINT  shift 8
	NUM  shift 6
	FUNC  shift 5
	NAME  shift 9
	TIME  shift 10
	'-'  shift 3
	'!'  shift 11
	'^'  shift 12
	'('  shift 4
	.  error

	expr  goto 32

state 5
	expr:  FUNC.expr 

	INT  shift 7
	UINT  shift 8
	NUM  shift 6
	FUNC  shift 5
	NAME  shift 9
	TIME  shift 10
	'-'  shift 3
	'!'  shift 11
	'^'  shift 12
	'('  shift 4
	.  error

	expr  goto 33

state 6
	expr:  NUM.    (12)

	.  reduce 12 (src line 106)


state 7
	expr:  INT.    (13)

	.  reduce 13 (src line 110)


state 8
	expr:  UINT.    (14)

	.  reduce 14 (src line 114)


state 9
	expr:  NAME.    (15)

	.  reduce 15 (src line 118)


state 10
	expr:  TIME.    (16)

	.  reduce 16 (src line 122)


state 11
	expr:  '!'.expr 

	INT  shift 7
	UINT  shift 8
	NUM  shift 6
	FUNC  shift 5
	NAME  shift 9
	TIME  shift 10
	'-'  shift 3
	'!'  shift 11
	'^'  shift 12
	'('  shift 4
	.  error

	expr  goto 34

state 12
	expr:  '^'.expr 

	INT  shift 7
	UINT  shift 8
	NUM  shift 6
	FUNC  shift 5
	NAME  shift 9
	TIME  shift 10
	'-'  shift 3
	'!'  shift 11
	'^'  shift 12
	'('  shift 4
	.  error

	expr  goto 35

state 13
	expr:  expr '+'.expr 

	INT  shift 7
	UINT  shift 8
	NUM  shift 6
	FUNC  shift 5
	NAME  shift 9
	TIME  shift 10
	'-'  shift 3
	'!'  shift 11
	'^'  shift 12
	'('  shift 4
	.  error

	expr  goto 36

state 14
	expr:  expr '-'.expr 

	INT  shift 7
	UINT  shift 8
	NUM  shift 6
	FUNC  shift 5
	NAME  shift 9
	TIME  shift 10
	'-'  shift 3
	'!'  shift 11
	'^'  shift 12
	'('  shift 4
	.  error

	expr  goto 37

state 15
	expr:  expr '*'.expr 

	INT  shift 7
	UINT  shift 8
	NUM  shift 6
	FUNC  shift 5
	NAME  shift 9
	TIME  shift 10
	'-'  shift 3
	'!'  shift 11
	'^'  shift 12
	'('  shift 4
	.  error

	expr  goto 38

state 16
	expr:  expr '/'.expr 

	INT  shift 7
	UINT  shift 8
	NUM  shift 6
	FUNC  shift 5
	NAME  shift 9
	TIME  shift 10
	'-'  shift 3
	'!'  shift 11
	'^'  shift 12
	'('  shift 4
	.  error

	expr  goto 39

state 17
	expr:  expr '%'.expr 

	INT  shift 7
	UINT  shift 8
	NUM  shift 6
	FUNC  shift 5
	NAME  shift 9
	TIME  shift 10
	'-'  shift 3
	'!'  shift 11
	'^'  shift 12
	'('  shift 4
	.  error

	expr  goto 40

state 18
	expr:  expr SLEFT.expr 

	INT  shift 7
	UINT  shift 8
	NUM  shift 6
	FUNC  shift 5
	NAME  shift 9
	TIME  shift 10
	'-'  shift 3
	'!'  shift 11
	'^'  shift 12
	'('  shift 4
	.  error

	expr  goto 41

state 19
	expr:  expr SRIGHT.expr 

	INT  shift 7
	UINT  shift 8
	NUM  shift 6
	FUNC  shift 5
	NAME  shift 9
	TIME  shift 10
	'-'  shift 3
	'!'  shift 11
	'^'  shift 12
	'('  shift 4
	.  error

	expr  goto 42

state 20
	expr:  expr '<'.expr 

	INT  shift 7
	UINT  shift 8
	NUM  shift 6
	FUNC  shift 5
	NAME  shift 9
	TIME  shift 10
	'-'  shift 3
	'!'  shift 11
	'^'  shift 12
	'('  shift 4
	.  error

	expr  goto 43

state 21
	expr:  expr '>'.expr 

	INT  shift 7
	UINT  shift 8
	NUM  shift 6
	FUNC  shift 5
	NAME  shift 9
	TIME  shift 10
	'-'  shift 3
	'!'  shift 11
	'^'  shift 12
	'('  shift 4
	.  error

	expr  goto 44

state 22
	expr:  expr LE.expr 

	INT  shift 7
	UINT  shift 8
	NUM  shift 6
	FUNC  shift 5
	NAME  shift 9
	TIME  shift 10
	'-'  shift 3
	'!'  shift 11
	'^'  shift 12
	'('  shift 4
	.  error

	expr  goto 45

state 23
	expr:  expr GE.expr 

	INT  shift 7
	UINT  shift 8
	NUM  shift 6
	FUNC  shift 5
	NAME  shift 9
	TIME  shift 10
	'-'  shift 3
	'!'  shift 11
	'^'  shift 12
	'('  shift 4
	.  error

	expr  goto 46

state 24
	expr:  expr '='.expr 

	INT  shift 7
	UINT  shift 8
	NUM  shift 6
	FUNC  shift 5
	NAME  shift 9
	TIME  shift 10
	'-'  shift 3
	'!'  shift 11
	'^'  shift 12
	'('  shift 4
	.  error

	expr  goto 47

state 25
	expr:  expr EQN.expr 

	INT  shift 7
	UINT  shift 8
	NUM  shift 6
	FUNC  shift 5
	NAME  shift 9
	TIME  shift 10
	'-'  shift 3
	'!'  shift 11
	'^'  shift 12
	'('  shift 4
	.  error

	expr  goto 48

state 26
	expr:  expr NEQ.expr 

	INT  shift 7
	UINT  shift 8
	NUM  shift 6
	FUNC  shift 5
	NAME  shift 9
	TIME  shift 10
	'-'  shift 3
	'!'  shift 11
	'^'  shift 12
	'('  shift 4
	.  error

	expr  goto 49

state 27
	expr:  expr AND.expr 

	INT  shift 7
	UINT  shift 8
	NUM  shift 6
	FUNC  shift 5
	NAME  shift 9
	TIME  shift 10
	'-'  shift 3
	'!'  shift 11
	'^'  shift 12
	'('  shift 4
	.  error

	expr  goto 50

state 28
	expr:  expr OR.expr 

	INT  shift 7
	UINT  shift 8
	NUM  shift 6
	FUNC  shift 5
	NAME  shift 9
	TIME  shift 10
	'-'  shift 3
	'!'  shift 11
	'^'  shift 12
	'('  shift 4
	.  error

	expr  goto 51

state 29
	expr:  expr '&'.expr 

	INT  shift 7
	UINT  shift 8
	NUM  shift 6
	FUNC  shift 5
	NAME  shift 9
	TIME  shift 10
	'-'  shift 3
	'!'  shift 11
	'^'  shift 12
	'('  shift 4
	.  error

	expr  goto 52

state 30
	expr:  expr '|'.expr 

	INT  shift 7
	UINT  shift 8
	NUM  shift 6
	FUNC  shift 5
	NAME  shift 9
	TIME  shift 10
	'-'  shift 3
	'!'  shift 11
	'^'  shift 12
	'('  shift 4
	.  error

	expr  goto 53

state 31
	expr:  expr.'+' expr 
	expr:  expr.'-' expr 
	expr:  expr.'*' expr 
	expr:  '-' expr.    (5)
	expr:  expr.'/' expr 
	expr:  expr.'%' expr 
	expr:  expr.SLEFT expr 
	expr:  expr.SRIGHT expr 
	expr:  expr.'<' expr 
	expr:  expr.'>' expr 
	expr:  expr.LE expr 
	expr:  expr.GE expr 
	expr:  expr.'=' expr 
	expr:  expr.EQN expr 
	expr:  expr.NEQ expr 
	expr:  expr.AND expr 
	expr:  expr.OR expr 
	expr:  expr.'&' expr 
	expr:  expr.'|' expr 

	.  reduce 5 (src line 69)


state 32
	expr:  expr.'+' expr 
	expr:  expr.'-' expr 
	expr:  expr.'*' expr 
	expr:  expr.'/' expr 
	expr:  expr.'%' expr 
	expr:  expr.SLEFT expr 
	expr:  expr.SRIGHT expr 
	expr:  '(' expr.')' 
	expr:  expr.'<' expr 
	expr:  expr.'>' expr 
	expr:  expr.LE expr 
	expr:  expr.GE expr 
	expr:  expr.'=' expr 
	expr:  expr.EQN expr 
	expr:  expr.NEQ expr 
	expr:  expr.AND expr 
	expr:  expr.OR expr 
	expr:  expr.'&' expr 
	expr:  expr.'|' expr 

	OR  shift 28
	AND  shift 27
	'='  shift 24
	EQN  shift 25
	NEQ  shift 26
	'<'  shift 20
	'>'  shift 21
	LE  shift 22
	GE  shift 23
	'+'  shift 13
	'-'  shift 14
	'*'  shift 15
	'/'  shift 16
	'%'  shift 17
	'&'  shift 29
	'|'  shift 30
	SLEFT  shift 18
	SRIGHT  shift 19
	')'  shift 54
	.  error


state 33
	expr:  expr.'+' expr 
	expr:  expr.'-' expr 
	expr:  expr.'*' expr 
	expr:  expr.'/' expr 
	expr:  expr.'%' expr 
	expr:  expr.SLEFT expr 
	expr:  expr.SRIGHT expr 
	expr:  FUNC expr.    (11)
	expr:  expr.'<' expr 
	expr:  expr.'>' expr 
	expr:  expr.LE expr 
	expr:  expr.GE expr 
	expr:  expr.'=' expr 
	expr:  expr.EQN expr 
	expr:  expr.NEQ expr 
	expr:  expr.AND expr 
	expr:  expr.OR expr 
	expr:  expr.'&' expr 
	expr:  expr.'|' expr 

	.  reduce 11 (src line 93)


state 34
	expr:  expr.'+' expr 
	expr:  expr.'-' expr 
	expr:  expr.'*' expr 
	expr:  expr.'/' expr 
	expr:  expr.'%' expr 
	expr:  expr.SLEFT expr 
	expr:  expr.SRIGHT expr 
	expr:  expr.'<' expr 
	expr:  expr.'>' expr 
	expr:  expr.LE expr 
	expr:  expr.GE expr 
	expr:  expr.'=' expr 
	expr:  expr.EQN expr 
	expr:  expr.NEQ expr 
	expr:  expr.AND expr 
	expr:  expr.OR expr 
	expr:  expr.'&' expr 
	expr:  expr.'|' expr 
	expr:  '!' expr.    (28)

	.  reduce 28 (src line 170)


state 35
	expr:  expr.'+' expr 
	expr:  expr.'-' expr 
	expr:  expr.'*' expr 
	expr:  expr.'/' expr 
	expr:  expr.'%' expr 
	expr:  expr.SLEFT expr 
	expr:  expr.SRIGHT expr 
	expr:  expr.'<' expr 
	expr:  expr.'>' expr 
	expr:  expr.LE expr 
	expr:  expr.GE expr 
	expr:  expr.'=' expr 
	expr:  expr.EQN expr 
	expr:  expr.NEQ expr 
	expr:  expr.AND expr 
	expr:  expr.OR expr 
	expr:  expr.'&' expr 
	expr:  expr.'|' expr 
	expr:  '^' expr.    (29)

	.  reduce 29 (src line 174)


state 36
	expr:  expr.'+' expr 
	expr:  expr '+' expr.    (2)
	expr:  expr.'-' expr 
	expr:  expr.'*' expr 
	expr:  expr.'/' expr 
	expr:  expr.'%' expr 
	expr:  expr.SLEFT expr 
	expr:  expr.SRIGHT expr 
	expr:  expr.'<' expr 
	expr:  expr.'>' expr 
	expr:  expr.LE expr 
	expr:  expr.GE expr 
	expr:  expr.'=' expr 
	expr:  expr.EQN expr 
	expr:  expr.NEQ expr 
	expr:  expr.AND expr 
	expr:  expr.OR expr 
	expr:  expr.'&' expr 
	expr:  expr.'|' expr 

	'*'  shift 15
	'/'  shift 16
	'%'  shift 17
	'&'  shift 29
	'|'  shift 30
	SLEFT  shift 18
	SRIGHT  shift 19
	.  reduce 2 (src line 56)


state 37
	expr:  expr.'+' expr 
	expr:  expr.'-' expr 
	expr:  expr '-' expr.    (3)
	expr:  expr.'*' expr 
	expr:  expr.'/' expr 
	expr:  expr.'%' expr 
	expr:  expr.SLEFT expr 
	expr:  expr.SRIGHT expr 
	expr:  expr.'<' expr 
	expr:  expr.'>' expr 
	expr:  expr.LE expr 
	expr:  expr.GE expr 
	expr:  expr.'=' expr 
	expr:  expr.EQN expr 
	expr:  expr.NEQ expr 
	expr:  expr.AND expr 
	expr:  expr.OR expr 
	expr:  expr.'&' expr 
	expr:  expr.'|' expr 

	'*'  shift 15
	'/'  shift 16
	'%'  shift 17
	'&'  shift 29
	'|'  shift 30
	SLEFT  shift 18
	SRIGHT  shift 19
	.  reduce 3 (src line 61)


state 38
	expr:  expr.'+' expr 
	expr:  expr.'-' expr 
	expr:  expr.'*' expr 
	expr:  expr '*' expr.    (4)
	expr:  expr.'/' expr 
	expr:  expr.'%' expr 
	expr:  expr.SLEFT expr 
	expr:  expr.SRIGHT expr 
	expr:  expr.'<' expr 
	expr:  expr.'>' expr 
	expr:  expr.LE expr 
	expr:  expr.GE expr 
	expr:  expr.'=' expr 
	expr:  expr.EQN expr 
	expr:  expr.NEQ expr 
	expr:  expr.AND expr 
	expr:  expr.OR expr 
	expr:  expr.'&' expr 
	expr:  expr.'|' expr 

	.  reduce 4 (src line 65)


state 39
	expr:  expr.'+' expr 
	expr:  expr.'-' expr 
	expr:  expr.'*' expr 
	expr:  expr.'/' expr 
	expr:  expr '/' expr.    (6)
	expr:  expr.'%' expr 
	expr:  expr.SLEFT expr 
	expr:  expr.SRIGHT expr 
	expr:  expr.'<' expr 
	expr:  expr.'>' expr 
	expr:  expr.LE expr 
	expr:  expr.GE expr 
	expr:  expr.'=' expr 
	expr:  expr.EQN expr 
	expr:  expr.NEQ expr 
	expr:  expr.AND expr 
	expr:  expr.OR expr 
	expr:  expr.'&' expr 
	expr:  expr.'|' expr 

	.  reduce 6 (src line 73)


state 40
	expr:  expr.'+' expr 
	expr:  expr.'-' expr 
	expr:  expr.'*' expr 
	expr:  expr.'/' expr 
	expr:  expr.'%' expr 
	expr:  expr '%' expr.    (7)
	expr:  expr.SLEFT expr 
	expr:  expr.SRIGHT expr 
	expr:  expr.'<' expr 
	expr:  expr.'>' expr 
	expr:  expr.LE expr 
	expr:  expr.GE expr 
	expr:  expr.'=' expr 
	expr:  expr.EQN expr 
	expr:  expr.NEQ expr 
	expr:  expr.AND expr 
	expr:  expr.OR expr 
	expr:  expr.'&' expr 
	expr:  expr.'|' expr 

	.  reduce 7 (src line 77)


state 41
	expr:  expr.'+' expr 
	expr:  expr.'-' expr 
	expr:  expr.'*' expr 
	expr:  expr.'/' expr 
	expr:  expr.'%' expr 
	expr:  expr.SLEFT expr 
	expr:  expr SLEFT expr.    (8)
	expr:  expr.SRIGHT expr 
	expr:  expr.'<' expr 
	expr:  expr.'>' expr 
	expr:  expr.LE expr 
	expr:  expr.GE expr 
	expr:  expr.'=' expr 
	expr:  expr.EQN expr 
	expr:  expr.NEQ expr 
	expr:  expr.AND expr 
	expr:  expr.OR expr 
	expr:  expr.'&' expr 
	expr:  expr.'|' expr 

	.  reduce 8 (src line 81)


state 42
	expr:  expr.'+' expr 
	expr:  expr.'-' expr 
	expr:  expr.'*' expr 
	expr:  expr.'/' expr 
	expr:  expr.'%' expr 
	expr:  expr.SLEFT expr 
	expr:  expr.SRIGHT expr 
	expr:  expr SRIGHT expr.    (9)
	expr:  expr.'<' expr 
	expr:  expr.'>' expr 
	expr:  expr.LE expr 
	expr:  expr.GE expr 
	expr:  expr.'=' expr 
	expr:  expr.EQN expr 
	expr:  expr.NEQ expr 
	expr:  expr.AND expr 
	expr:  expr.OR expr 
	expr:  expr.'&' expr 
	expr:  expr.'|' expr 

	.  reduce 9 (src line 85)


state 43
	expr:  expr.'+' expr 
	expr:  expr.'-' expr 
	expr:  expr.'*' expr 
	expr:  expr.'/' expr 
	expr:  expr.'%' expr 
	expr:  expr.SLEFT expr 
	expr:  expr.SRIGHT expr 
	expr:  expr.'<' expr 
	expr:  expr '<' expr.    (17)
	expr:  expr.'>' expr 
	expr:  expr.LE expr 
	expr:  expr.GE expr 
	expr:  expr.'=' expr 
	expr:  expr.EQN expr 
	expr:  expr.NEQ expr 
	expr:  expr.AND expr 
	expr:  expr.OR expr 
	expr:  expr.'&' expr 
	expr:  expr.'|' expr 

	'+'  shift 13
	'-'  shift 14
	'*'  shift 15
	'/'  shift 16
	'%'  shift 17
	'&'  shift 29
	'|'  shift 30
	SLEFT  shift 18
	SRIGHT  shift 19
	.  reduce 17 (src line 126)


state 44
	expr:  expr.'+' expr 
	expr:  expr.'-' expr 
	expr:  expr.'*' expr 
	expr:  expr.'/' expr 
	expr:  expr.'%' expr 
	expr:  expr.SLEFT expr 
	expr:  expr.SRIGHT expr 
	expr:  expr.'<' expr 
	expr:  expr.'>' expr 
	expr:  expr '>' expr.    (18)
	expr:  expr.LE expr 
	expr:  expr.GE expr 
	expr:  expr.'=' expr 
	expr:  expr.EQN expr 
	expr:  expr.NEQ expr 
	expr:  expr.AND expr 
	expr:  expr.OR expr 
	expr:  expr.'&' expr 
	expr:  expr.'|' expr 

	'+'  shift 13
	'-'  shift 14
	'*'  shift 15
	'/'  shift 16
	'%'  shift 17
	'&'  shift 29
	'|'  shift 30
	SLEFT  shift 18
	SRIGHT  shift 19
	.  reduce 18 (src line 130)


state 45
	expr:  expr.'+' expr 
	expr:  expr.'-' expr 
	expr:  expr.'*' expr 
	expr:  expr.'/' expr 
	expr:  expr.'%' expr 
	expr:  expr.SLEFT expr 
	expr:  expr.SRIGHT expr 
	expr:  expr.'<' expr 
	expr:  expr.'>' expr 
	expr:  expr.LE expr 
	expr:  expr LE expr.    (19)
	expr:  expr.GE expr 
	expr:  expr.'=' expr 
	expr:  expr.EQN expr 
	expr:  expr.NEQ expr 
	expr:  expr.AND expr 
	expr:  expr.OR expr 
	expr:  expr.'&' expr 
	expr:  expr.'|' expr 

	'+'  shift 13
	'-'  shift 14
	'*'  shift 15
	'/'  shift 16
	'%'  shift 17
	'&'  shift 29
	'|'  shift 30
	SLEFT  shift 18
	SRIGHT  shift 19
	.  reduce 19 (src line 134)


state 46
	expr:  expr.'+' expr 
	expr:  expr.'-' expr 
	expr:  expr.'*' expr 
	expr:  expr.'/' expr 
	expr:  expr.'%' expr 
	expr:  expr.SLEFT expr 
	expr:  expr.SRIGHT expr 
	expr:  expr.'<' expr 
	expr:  expr.'>' expr 
	expr:  expr.LE expr 
	expr:  expr.GE expr 
	expr:  expr GE expr.    (20)
	expr:  expr.'=' expr 
	expr:  expr.EQN expr 
	expr:  expr.NEQ expr 
	expr:  expr.AND expr 
	expr:  expr.OR expr 
	expr:  expr.'&' expr 
	expr:  expr.'|' expr 

	'+'  shift 13
	'-'  shift 14
	'*'  shift 15
	'/'  shift 16
	'%'  shift 17
	'&'  shift 29
	'|'  shift 30
	SLEFT  shift 18
	SRIGHT  shift 19
	.  reduce 20 (src line 138)


state 47
	expr:  expr.'+' expr 
	expr:  expr.'-' expr 
	expr:  expr.'*' expr 
	expr:  expr.'/' expr 
	expr:  expr.'%' expr 
	expr:  expr.SLEFT expr 
	expr:  expr.SRIGHT expr 
	expr:  expr.'<' expr 
	expr:  expr.'>' expr 
	expr:  expr.LE expr 
	expr:  expr.GE expr 
	expr:  expr.'=' expr 
	expr:  expr '=' expr.    (21)
	expr:  expr.EQN expr 
	expr:  expr.NEQ expr 
	expr:  expr.AND expr 
	expr:  expr.OR expr 
	expr:  expr.'&' expr 
	expr:  expr.'|' expr 

	'<'  shift 20
	'>'  shift 21
	LE  shift 22
	GE  shift 23
	'+'  shift 13
	'-'  shift 14
	'*'  shift 15
	'/'  shift 16
	'%'  shift 17
	'&'  shift 29
	'|'  shift 30
	SLEFT  shift 18
	SRIGHT  shift 19
	.  reduce 21 (src line 142)


state 48
	expr:  expr.'+' expr 
	expr:  expr.'-' expr 
	expr:  expr.'*' expr 
	expr:  expr.'/' expr 
	expr:  expr.'%' expr 
	expr:  expr.SLEFT expr 
	expr:  expr.SRIGHT expr 
	expr:  expr.'<' expr 
	expr:  expr.'>' expr 
	expr:  expr.LE expr 
	expr:  expr.GE expr 
	expr:  expr.'=' expr 
	expr:  expr.EQN expr 
	expr:  expr EQN expr.    (22)
	expr:  expr.NEQ expr 
	expr:  expr.AND expr 
	expr:  expr.OR expr 
	expr:  expr.'&' expr 
	expr:  expr.'|' expr 

	'<'  shift 20
	'>'  shift 21
	LE  shift 22
	GE  shift 23
	'+'  shift 13
	'-'  shift 14
	'*'  shift 15
	'/'  shift 16
	'%'  shift 17
	'&'  shift 29
	'|'  shift 30
	SLEFT  shift 18
	SRIGHT  shift 19
	.  reduce 22 (src line 146)


state 49
	expr:  expr.'+' expr 
	expr:  expr.'-' expr 
	expr:  expr.'*' expr 
	expr:  expr.'/' expr 
	expr:  expr.'%' expr 
	expr:  expr.SLEFT expr 
	expr:  expr.SRIGHT expr 
	expr:  expr.'<' expr 
	expr:  expr.'>' expr 
	expr:  expr.LE expr 
	expr:  expr.GE expr 
	expr:  expr.'=' expr 
	expr:  expr.EQN expr 
	expr:  expr.NEQ expr 
	expr:  expr NEQ expr.    (23)
	expr:  expr.AND expr 
	expr:  expr.OR expr 
	expr:  expr.'&' expr 
	expr:  expr.'|' expr 

	'<'  shift 20
	'>'  shift 21
	LE  shift 22
	GE  shift 23
	'+'  shift 13
	'-'  shift 14
	'*'  shift 15
	'/'  shift 16
	'%'  shift 17
	'&'  shift 29
	'|'  shift 30
	SLEFT  shift 18
	SRIGHT  shift 19
	.  reduce 23 (src line 150)


state 50
	expr:  expr.'+' expr 
	expr:  expr.'-' expr 
	expr:  expr.'*' expr 
	expr:  expr.'/' expr 
	expr:  expr.'%' expr 
	expr:  expr.SLEFT expr 
	expr:  expr.SRIGHT expr 
	expr:  expr.'<' expr 
	expr:  expr.'>' expr 
	expr:  expr.LE expr 
	expr:  expr.GE expr 
	expr:  expr.'=' expr 
	expr:  expr.EQN expr 
	expr:  expr.NEQ expr 
	expr:  expr.AND expr 
	expr:  expr AND expr.    (24)
	expr:  expr.OR expr 
	expr:  expr.'&' expr 
	expr:  expr.'|' expr 

	'='  shift 24
	EQN  shift 25
	NEQ  shift 26
	'<'  shift 20
	'>'  shift 21
	LE  shift 22
	GE  shift 23
	'+'  shift 13
	'-'  shift 14
	'*'  shift 15
	'/'  shift 16
	'%'  shift 17
	'&'  shift 29
	'|'  shift 30
	SLEFT  shift 18
	SRIGHT  shift 19
	.  reduce 24 (src line 154)


state 51
	expr:  expr.'+' expr 
	expr:  expr.'-' expr 
	expr:  expr.'*' expr 
	expr:  expr.'/' expr 
	expr:  expr.'%' expr 
	expr:  expr.SLEFT expr 
	expr:  expr.SRIGHT expr 
	expr:  expr.'<' expr 
	expr:  expr.'>' expr 
	expr:  expr.LE expr 
	expr:  expr.GE expr 
	expr:  expr.'=' expr 
	expr:  expr.EQN expr 
	expr:  expr.NEQ expr 
	expr:  expr.AND expr 
	expr:  expr.OR expr 
	expr:  expr OR expr.    (25)
	expr:  expr.'&' expr 
	expr:  expr.'|' expr 

	AND  shift 27
	'='  shift 24
	EQN  shift 25
	NEQ  shift 26
	'<'  shift 20
	'>'  shift 21
	LE  shift 22
	GE  shift 23
	'+'  shift 13
	'-'  shift 14
	'*'  shift 15
	'/'  shift 16
	'%'  shift 17
	'&'  shift 29
	'|'  shift 30
	SLEFT  shift 18
	SRIGHT  shift 19
	.  reduce 25 (src line 158)


state 52
	expr:  expr.'+' expr 
	expr:  expr.'-' expr 
	expr:  expr.'*' expr 
	expr:  expr.'/' expr 
	expr:  expr.'%' expr 
	expr:  expr.SLEFT expr 
	expr:  expr.SRIGHT expr 
	expr:  expr.'<' expr 
	expr:  expr.'>' expr 
	expr:  expr.LE expr 
	expr:  expr.GE expr 
	expr:  expr.'=' expr 
	expr:  expr.EQN expr 
	expr:  expr.NEQ expr 
	expr:  expr.AND expr 
	expr:  expr.OR expr 
	expr:  expr.'&' expr 
	expr:  expr '&' expr.    (26)
	expr:  expr.'|' expr 

	.  reduce 26 (src line 162)


state 53
	expr:  expr.'+' expr 
	expr:  expr.'-' expr 
	expr:  expr.'*' expr 
	expr:  expr.'/' expr 
	expr:  expr.'%' expr 
	expr:  expr.SLEFT expr 
	expr:  expr.SRIGHT expr 
	expr:  expr.'<' expr 
	expr:  expr.'>' expr 
	expr:  expr.LE expr 
	expr:  expr.GE expr 
	expr:  expr.'=' expr 
	expr:  expr.EQN expr 
	expr:  expr.NEQ expr 
	expr:  expr.AND expr 
	expr:  expr.OR expr 
	expr:  expr.'&' expr 
	expr:  expr.'|' expr 
	expr:  expr '|' expr.    (27)

	.  reduce 27 (src line 166)


state 54
	expr:  '(' expr ')'.    (10)

	.  reduce 10 (src line 89)


32 terminals, 3 nonterminals
30 grammar rules, 55/2000 states
0 shift/reduce, 0 reduce/reduce conflicts reported
52 working sets used
memory: parser 24/30000
41 extra closures
399 shift entries, 1 exceptions
25 goto entries
0 entries saved by goto default
Optimizer space used: output 147/30000
147 table entries, 13 zero
maximum spread: 32, maximum offset: 30
