example:1: pipe {
    exec {
        name(name)
    }
}

example:2: nop

example:3: pipe {
    exec {
        name(ls)
        name(-l)
    }
}

example:4: pipe {
    exec {
        name(os/foo)
        >[1] /tmp/foo
    }
}

example:5: pipe {
    exec {
        name(os/foo)
        >>[1] /tmp/foo
    }
}

example:6: pipe {
    exec {
        name(cat)
        name(/tmp/foo)
    }
}

example:7: pipe {
    exec {
        name(cat)
        name(/tmp/foo)
        |[1]
    }
    exec {
        name(wc)
        |[0]
    }
}

example:8: pipe {
    exec {
        name(cat)
        <[0] /tmp/foo
        |[1]
    }
    exec {
        name(wc)
        |[0]
        |[1]
    }
    exec {
        name(wc)
        name(-l)
        >[1] /tmp/foo
        |[0]
    }
}

example:9: pipe {
    exec {
        name(cat)
        name(/tmp/foo)
    }
}

example:10: pipe {
    exec {
        name(echo)
        name(hola)
        >[1] /tmp/foo
        >[2] /dev/null
    }
}

example:11: pipe {
    exec {
        name(echo)
        name(hola)
        >>[1] /tmp/foo
    }
}

example:12: pipe {
    exec {
        name(ls)
        name(/tfdsmp)
        >[1] /dev/null
    }
}

example:13: pipe {
    exec {
        name(ls)
        name(/tfdssssssmp)
        name(.)
        >[2] /tmp/bar
        >[1=2]
    }
}

example:14: pipe {
    exec {
        name(cat)
        name(/tmp/bar)
    }
}

example:15: pipe {
    exec {
        name(ls)
        name(/tfdssssssmp)
        name(.)
        >[1] /tmp/bar
        >[2=1]
    }
}

example:16: pipe {
    exec {
        name(cat)
        name(/tmp/bar)
    }
}

example:17: pipe(tag) {
    exec {
        name(sleep)
        name(360)
    }
}

example:18: pipe(&) {
    exec {
        name(wc)
        <[0] /tmp/foo
        >[1] /tmp/bar
    }
}

example:19: pipe {
    exec {
        name(ls)
    }
}

example:19: pipe {
    exec {
        name(who)
    }
}

example:19: pipe {
    exec {
        name(date)
    }
}

example:20: pipe {
    exec {
        inblk {
            pipe {
                exec {
                    name(echo)
                    name(ls)
                    name(-l)
                }
            }
        }
    }
}

example:21: pipe {
    exec {
        name(echo)
        inblk {
            pipe {
                exec {
                    name(ls)
                    name(-l)
                }
            }
        }
    }
}

example:22: pipe {
    exec {
        name(ls)
        name(/tmp)
        name(/fsdfsdfs)
        |[2]
        >[1=2]
    }
    exec {
        name(wc)
        name(-l)
        |[0]
    }
}

example:23: pipe {
    exec {
        name(echo)
        name(1)
    }
}

example:23: pipe {
    cmds {
        pipe {
            exec {
                name(echo)
                name(2)
            }
        }
        pipe {
            exec {
                name(echo)
                name(3)
            }
        }
        >[1] /tmp/foo
    }
}

example:24: pipe {
    exec {
        name(exit)
        name(errors)
    }
}

example:25: nop

example:26: pipe {
    exec {
        name(TODO:)
        name(continue)
        name(testing)
        name(things)
        name(after)
        name(this)
        name(line.)
    }
}

example:27: nop

example:28: set(user) {
    name(foo)
}

example:29: set(users) {
    name(foo)
    name(bar)
}

example:30: set(dirs) {
    set(temp)(/tmp)
    set(home)(/usr/foo)
}

example:31: set(out) {
    inblk {
        pipe {
            exec {
                name(ls)
                name(-l)
                name(/tmp)
            }
        }
    }
}

example:32: nop

example:33: pipe {
    exec {
        val(varname)
    }
}

example:34: pipe {
    exec {
        val(varname)(idx)
    }
}

example:35: pipe {
    exec {
        len(varname)
    }
}

example:36: nop

example:37: nop

example:39: pipe {
    exec {
        name( quoted {}$
string)
    }
}

example:40: nop

example:42: pipe {
    exec {
        name(another 'quoted'
string)
    }
}

example:43: nop

example:44: pipe {
    exec {
        name(wait)
    }
}

example:45: pipe {
    exec {
        name(wait)
        name(name)
    }
}

example:46: nop

example:47: pipe {
    exec {
        name(cmd)
        |[1]
    }
    cmds {
        pipe {
            exec {
                name(cmd)
            }
        }
        pipe {
            exec {
                name(cmd)
            }
        }
        |[0]
    }
}

example:48: nop

example:49: pipe {
    exec {
        name(cmd)
        |[1]
    }
    forblk {
        nop
        pipe {
            exec {
                name(cmd)
                name(arg)
            }
        }
        pipe {
            exec {
                name(cmd)
            }
        }
        |[0]
    }
}

example:53: nop

example:54: pipe {
    exec {
        name(cmd)
        inblk {
            pipe {
                exec {
                    name(cmd)
                    name(arg)
                    name(arg)
                }
            }
        }
    }
}

example:55: nop

example:56: pipe {
    if {
        pipe {
            exec {
                name(ls)
                name(/tmp)
            }
        }
        cmds {
            nop
            pipe {
                exec {
                    name(print)
                    name(
		here
		doc
	)
                    |[1]
                }
                exec {
                    name(wc)
                    |[0]
                }
            }
        }
        pipe {
            exec {
                name(ls)
                name(/blah)
            }
        }
        cmds {
            nop
            pipe {
                exec {
                    name(date)
                }
            }
        }
        <nil nd>
        cmds {
            nop
            pipe {
                exec {
                    name(who)
                }
            }
        }
    }
}

example:66: nop

example:67: pipe {
    for {
        names {
            name(name)
            name(name)
            name(name)
            name(name)
        }
        cmds {
            nop
            pipe {
                exec {
                    name(cmd)
                }
            }
            pipe {
                exec {
                    name(cmd)
                }
            }
        }
    }
}

example:71: nop

example:72: nop

example:73: nop

PASS
ok  	clive/cmd/ql	0.072s
