
state 0
	$accept: .start $end 
	start: .    (2)
	optin: .    (16)

	$end  reduce 2 (src line 34)
	error  shift 7
	FOR  reduce 16 (src line 110)
	WHILE  reduce 16 (src line 110)
	FUNC  shift 10
	NL  shift 11
	LEN  reduce 16 (src line 110)
	SINGLE  reduce 16 (src line 110)
	COND  reduce 16 (src line 110)
	PIPE  shift 14
	IREDIR  shift 9
	NAME  reduce 16 (src line 110)
	INBLK  reduce 16 (src line 110)
	OUTBLK  reduce 16 (src line 110)
	'{'  reduce 16 (src line 110)
	'('  reduce 16 (src line 110)
	';'  shift 12
	'$'  reduce 16 (src line 110)
	.  error

	bgpipe  goto 4
	pipe  goto 8
	func  goto 5
	optin  goto 13
	start  goto 1
	topcmds  goto 2
	topcmd  goto 3
	sep  goto 6

state 1
	$accept:  start.$end 

	$end  accept
	.  error


state 2
	start:  topcmds.    (1)
	topcmds:  topcmds.topcmd 
	optin: .    (16)

	$end  reduce 1 (src line 32)
	error  shift 7
	FOR  reduce 16 (src line 110)
	WHILE  reduce 16 (src line 110)
	FUNC  shift 10
	NL  shift 11
	LEN  reduce 16 (src line 110)
	SINGLE  reduce 16 (src line 110)
	COND  reduce 16 (src line 110)
	PIPE  shift 14
	IREDIR  shift 9
	NAME  reduce 16 (src line 110)
	INBLK  reduce 16 (src line 110)
	OUTBLK  reduce 16 (src line 110)
	'{'  reduce 16 (src line 110)
	'('  reduce 16 (src line 110)
	';'  shift 12
	'$'  reduce 16 (src line 110)
	.  error

	bgpipe  goto 4
	pipe  goto 8
	func  goto 5
	optin  goto 13
	topcmd  goto 15
	sep  goto 6

state 3
	topcmds:  topcmd.    (4)

	.  reduce 4 (src line 39)


state 4
	topcmd:  bgpipe.sep 

	NL  shift 11
	';'  shift 12
	.  error

	sep  goto 16

state 5
	topcmd:  func.sep 

	NL  shift 11
	';'  shift 12
	.  error

	sep  goto 17

state 6
	topcmd:  sep.    (7)

	.  reduce 7 (src line 52)


state 7
	topcmd:  error.NL 

	NL  shift 18
	.  error


state 8
	bgpipe:  pipe.optbg 
	optbg: .    (13)

	BG  shift 20
	.  reduce 13 (src line 90)

	optbg  goto 19

state 9
	bgpipe:  IREDIR.name 

	LEN  shift 25
	SINGLE  shift 24
	NAME  shift 22
	'$'  shift 23
	.  error

	name  goto 21

state 10
	func:  FUNC.NAME '{' optsep blkcmds optsep '}' 

	NAME  shift 26
	.  error


state 11
	sep:  NL.    (43)

	.  reduce 43 (src line 247)


state 12
	sep:  ';'.    (44)

	.  reduce 44 (src line 249)


state 13
	pipe:  optin.spipe 

	FOR  shift 31
	WHILE  shift 32
	LEN  shift 25
	SINGLE  shift 24
	COND  shift 36
	NAME  shift 37
	INBLK  shift 41
	OUTBLK  shift 42
	'{'  shift 30
	'('  shift 40
	'$'  shift 23
	.  error

	name  goto 38
	names  goto 29
	cmd  goto 28
	list  goto 39
	nameel  goto 35
	spipe  goto 27
	cond  goto 33
	setvar  goto 34

state 14
	optin:  PIPE.    (15)

	.  reduce 15 (src line 105)


state 15
	topcmds:  topcmds topcmd.    (3)

	.  reduce 3 (src line 37)


state 16
	topcmd:  bgpipe sep.    (5)

	.  reduce 5 (src line 43)


state 17
	topcmd:  func sep.    (6)

	.  reduce 6 (src line 48)


state 18
	topcmd:  error NL.    (8)

	.  reduce 8 (src line 53)


state 19
	bgpipe:  pipe optbg.    (10)

	.  reduce 10 (src line 70)


state 20
	optbg:  BG.    (12)

	.  reduce 12 (src line 82)


state 21
	bgpipe:  IREDIR name.    (11)

	.  reduce 11 (src line 76)


state 22
	name:  NAME.    (61)

	.  reduce 61 (src line 330)


state 23
	name:  '$'.NAME 
	name:  '$'.NAME '[' name ']' 

	NAME  shift 43
	.  error


state 24
	name:  SINGLE.NAME 
	name:  SINGLE.NAME '[' name ']' 

	NAME  shift 44
	.  error


state 25
	name:  LEN.NAME 

	NAME  shift 45
	.  error


state 26
	func:  FUNC NAME.'{' optsep blkcmds optsep '}' 

	'{'  shift 46
	.  error


state 27
	pipe:  optin spipe.    (14)
	spipe:  spipe.PIPE cmd 

	PIPE  shift 47
	.  reduce 14 (src line 96)


state 28
	spipe:  cmd.    (18)

	.  reduce 18 (src line 122)


state 29
	cmd:  names.optredirs 
	names:  names.nameel 
	optredirs: .    (35)

	LEN  shift 25
	SINGLE  shift 24
	IREDIR  shift 52
	OREDIR  shift 53
	APP  shift 54
	NAME  shift 22
	INBLK  shift 41
	OUTBLK  shift 42
	'('  shift 40
	'$'  shift 23
	.  reduce 35 (src line 207)

	name  goto 38
	list  goto 39
	nameel  goto 49
	redir  goto 51
	redirs  goto 50
	optredirs  goto 48

state 30
	cmd:  '{'.optsep blkcmds optsep '}' optredirs 
	optsep: .    (46)

	NL  shift 11
	';'  shift 12
	.  reduce 46 (src line 254)

	sep  goto 56
	optsep  goto 55

state 31
	cmd:  FOR.names '{' optsep blkcmds optsep '}' optredirs 

	LEN  shift 25
	SINGLE  shift 24
	NAME  shift 22
	INBLK  shift 41
	OUTBLK  shift 42
	'('  shift 40
	'$'  shift 23
	.  error

	name  goto 38
	names  goto 57
	list  goto 39
	nameel  goto 35

state 32
	cmd:  WHILE.pipe '{' optsep blkcmds optsep '}' optredirs 
	optin: .    (16)

	PIPE  shift 14
	.  reduce 16 (src line 110)

	pipe  goto 58
	optin  goto 13

state 33
	cmd:  cond.optredirs 
	cond:  cond.OR '{' optsep blkcmds optsep '}' 
	optredirs: .    (35)

	OR  shift 60
	IREDIR  shift 52
	OREDIR  shift 53
	APP  shift 54
	.  reduce 35 (src line 207)

	redir  goto 51
	redirs  goto 50
	optredirs  goto 59

state 34
	cmd:  setvar.    (24)

	.  reduce 24 (src line 154)


state 35
	names:  nameel.    (48)

	.  reduce 48 (src line 262)


state 36
	cond:  COND.'{' optsep blkcmds optsep '}' 

	'{'  shift 61
	.  error


state 37
	setvar:  NAME.as names 
	setvar:  NAME.as '(' mapels ')' 
	setvar:  NAME.'[' name ']' as names 
	name:  NAME.    (61)

	'['  shift 63
	'='  shift 64
	'←'  shift 65
	.  reduce 61 (src line 330)

	as  goto 62

state 38
	nameel:  name.    (49)
	list:  name.'^' list 

	'^'  shift 66
	.  reduce 49 (src line 268)


state 39
	nameel:  list.    (50)
	list:  list.'^' name 
	list:  list.'^' list 

	'^'  shift 67
	.  reduce 50 (src line 270)


state 40
	list:  '('.optnames ')' 
	optnames: .    (60)

	LEN  shift 25
	SINGLE  shift 24
	NAME  shift 22
	INBLK  shift 41
	OUTBLK  shift 42
	'('  shift 40
	'$'  shift 23
	.  reduce 60 (src line 325)

	name  goto 38
	names  goto 69
	optnames  goto 68
	list  goto 39
	nameel  goto 35

state 41
	list:  INBLK.optsep blkcmds optsep '}' 
	optsep: .    (46)

	NL  shift 11
	';'  shift 12
	.  reduce 46 (src line 254)

	sep  goto 56
	optsep  goto 70

state 42
	list:  OUTBLK.optsep blkcmds optsep '}' 
	optsep: .    (46)

	NL  shift 11
	';'  shift 12
	.  reduce 46 (src line 254)

	sep  goto 56
	optsep  goto 71

state 43
	name:  '$' NAME.    (62)
	name:  '$' NAME.'[' name ']' 

	'['  shift 72
	.  reduce 62 (src line 335)


state 44
	name:  SINGLE NAME.    (63)
	name:  SINGLE NAME.'[' name ']' 

	'['  shift 73
	.  reduce 63 (src line 339)


state 45
	name:  LEN NAME.    (66)

	.  reduce 66 (src line 351)


state 46
	func:  FUNC NAME '{'.optsep blkcmds optsep '}' 
	optsep: .    (46)

	NL  shift 11
	';'  shift 12
	.  reduce 46 (src line 254)

	sep  goto 56
	optsep  goto 74

state 47
	spipe:  spipe PIPE.cmd 

	FOR  shift 31
	WHILE  shift 32
	LEN  shift 25
	SINGLE  shift 24
	COND  shift 36
	NAME  shift 37
	INBLK  shift 41
	OUTBLK  shift 42
	'{'  shift 30
	'('  shift 40
	'$'  shift 23
	.  error

	name  goto 38
	names  goto 29
	cmd  goto 75
	list  goto 39
	nameel  goto 35
	cond  goto 33
	setvar  goto 34

state 48
	cmd:  names optredirs.    (19)

	.  reduce 19 (src line 128)


state 49
	names:  names nameel.    (47)

	.  reduce 47 (src line 257)


state 50
	optredirs:  redirs.    (34)
	redirs:  redirs.redir 

	IREDIR  shift 52
	OREDIR  shift 53
	APP  shift 54
	.  reduce 34 (src line 202)

	redir  goto 76

state 51
	redirs:  redir.    (37)

	.  reduce 37 (src line 219)


state 52
	redir:  IREDIR.name 

	LEN  shift 25
	SINGLE  shift 24
	NAME  shift 22
	'$'  shift 23
	.  error

	name  goto 77

state 53
	redir:  OREDIR.optname 
	optname: .    (42)

	LEN  shift 25
	SINGLE  shift 24
	NAME  shift 22
	'$'  shift 23
	.  reduce 42 (src line 242)

	name  goto 79
	optname  goto 78

state 54
	redir:  APP.name 

	LEN  shift 25
	SINGLE  shift 24
	NAME  shift 22
	'$'  shift 23
	.  error

	name  goto 80

state 55
	cmd:  '{' optsep.blkcmds optsep '}' optredirs 
	optin: .    (16)

	PIPE  shift 14
	IREDIR  shift 9
	.  reduce 16 (src line 110)

	bgpipe  goto 82
	pipe  goto 8
	blkcmds  goto 81
	optin  goto 13

state 56
	optsep:  sep.    (45)

	.  reduce 45 (src line 252)


state 57
	cmd:  FOR names.'{' optsep blkcmds optsep '}' optredirs 
	names:  names.nameel 

	LEN  shift 25
	SINGLE  shift 24
	NAME  shift 22
	INBLK  shift 41
	OUTBLK  shift 42
	'{'  shift 83
	'('  shift 40
	'$'  shift 23
	.  error

	name  goto 38
	list  goto 39
	nameel  goto 49

state 58
	cmd:  WHILE pipe.'{' optsep blkcmds optsep '}' optredirs 

	'{'  shift 84
	.  error


state 59
	cmd:  cond optredirs.    (23)

	.  reduce 23 (src line 149)


state 60
	cond:  cond OR.'{' optsep blkcmds optsep '}' 

	'{'  shift 85
	.  error


state 61
	cond:  COND '{'.optsep blkcmds optsep '}' 
	optsep: .    (46)

	NL  shift 11
	';'  shift 12
	.  reduce 46 (src line 254)

	sep  goto 56
	optsep  goto 86

state 62
	setvar:  NAME as.names 
	setvar:  NAME as.'(' mapels ')' 

	LEN  shift 25
	SINGLE  shift 24
	NAME  shift 22
	INBLK  shift 41
	OUTBLK  shift 42
	'('  shift 88
	'$'  shift 23
	.  error

	name  goto 38
	names  goto 87
	list  goto 39
	nameel  goto 35

state 63
	setvar:  NAME '['.name ']' as names 

	LEN  shift 25
	SINGLE  shift 24
	NAME  shift 22
	'$'  shift 23
	.  error

	name  goto 89

state 64
	as:  '='.    (28)

	.  reduce 28 (src line 172)


state 65
	as:  '←'.    (29)

	.  reduce 29 (src line 174)


state 66
	list:  name '^'.list 

	LEN  shift 25
	SINGLE  shift 24
	NAME  shift 22
	INBLK  shift 41
	OUTBLK  shift 42
	'('  shift 40
	'$'  shift 23
	.  error

	name  goto 91
	list  goto 90

state 67
	list:  list '^'.name 
	list:  list '^'.list 

	LEN  shift 25
	SINGLE  shift 24
	NAME  shift 22
	INBLK  shift 41
	OUTBLK  shift 42
	'('  shift 40
	'$'  shift 23
	.  error

	name  goto 92
	list  goto 93

state 68
	list:  '(' optnames.')' 

	')'  shift 94
	.  error


state 69
	names:  names.nameel 
	optnames:  names.    (59)

	LEN  shift 25
	SINGLE  shift 24
	NAME  shift 22
	INBLK  shift 41
	OUTBLK  shift 42
	'('  shift 40
	'$'  shift 23
	.  reduce 59 (src line 323)

	name  goto 38
	list  goto 39
	nameel  goto 49

state 70
	list:  INBLK optsep.blkcmds optsep '}' 
	optin: .    (16)

	PIPE  shift 14
	IREDIR  shift 9
	.  reduce 16 (src line 110)

	bgpipe  goto 82
	pipe  goto 8
	blkcmds  goto 95
	optin  goto 13

state 71
	list:  OUTBLK optsep.blkcmds optsep '}' 
	optin: .    (16)

	PIPE  shift 14
	IREDIR  shift 9
	.  reduce 16 (src line 110)

	bgpipe  goto 82
	pipe  goto 8
	blkcmds  goto 96
	optin  goto 13

state 72
	name:  '$' NAME '['.name ']' 

	LEN  shift 25
	SINGLE  shift 24
	NAME  shift 22
	'$'  shift 23
	.  error

	name  goto 97

state 73
	name:  SINGLE NAME '['.name ']' 

	LEN  shift 25
	SINGLE  shift 24
	NAME  shift 22
	'$'  shift 23
	.  error

	name  goto 98

state 74
	func:  FUNC NAME '{' optsep.blkcmds optsep '}' 
	optin: .    (16)

	PIPE  shift 14
	IREDIR  shift 9
	.  reduce 16 (src line 110)

	bgpipe  goto 82
	pipe  goto 8
	blkcmds  goto 99
	optin  goto 13

state 75
	spipe:  spipe PIPE cmd.    (17)

	.  reduce 17 (src line 116)


state 76
	redirs:  redirs redir.    (36)

	.  reduce 36 (src line 213)


state 77
	redir:  IREDIR name.    (38)

	.  reduce 38 (src line 226)


state 78
	redir:  OREDIR optname.    (39)

	.  reduce 39 (src line 231)


state 79
	optname:  name.    (41)

	.  reduce 41 (src line 240)


state 80
	redir:  APP name.    (40)

	.  reduce 40 (src line 235)


state 81
	cmd:  '{' optsep blkcmds.optsep '}' optredirs 
	blkcmds:  blkcmds.sep bgpipe 
	optsep: .    (46)

	NL  shift 11
	';'  shift 12
	.  reduce 46 (src line 254)

	sep  goto 101
	optsep  goto 100

state 82
	blkcmds:  bgpipe.    (33)

	.  reduce 33 (src line 196)


state 83
	cmd:  FOR names '{'.optsep blkcmds optsep '}' optredirs 
	optsep: .    (46)

	NL  shift 11
	';'  shift 12
	.  reduce 46 (src line 254)

	sep  goto 56
	optsep  goto 102

state 84
	cmd:  WHILE pipe '{'.optsep blkcmds optsep '}' optredirs 
	optsep: .    (46)

	NL  shift 11
	';'  shift 12
	.  reduce 46 (src line 254)

	sep  goto 56
	optsep  goto 103

state 85
	cond:  cond OR '{'.optsep blkcmds optsep '}' 
	optsep: .    (46)

	NL  shift 11
	';'  shift 12
	.  reduce 46 (src line 254)

	sep  goto 56
	optsep  goto 104

state 86
	cond:  COND '{' optsep.blkcmds optsep '}' 
	optin: .    (16)

	PIPE  shift 14
	IREDIR  shift 9
	.  reduce 16 (src line 110)

	bgpipe  goto 82
	pipe  goto 8
	blkcmds  goto 105
	optin  goto 13

state 87
	setvar:  NAME as names.    (25)
	names:  names.nameel 

	LEN  shift 25
	SINGLE  shift 24
	NAME  shift 22
	INBLK  shift 41
	OUTBLK  shift 42
	'('  shift 40
	'$'  shift 23
	.  reduce 25 (src line 157)

	name  goto 38
	list  goto 39
	nameel  goto 49

state 88
	setvar:  NAME as '('.mapels ')' 
	list:  '('.optnames ')' 
	optnames: .    (60)

	LEN  shift 25
	SINGLE  shift 24
	NAME  shift 22
	INBLK  shift 41
	OUTBLK  shift 42
	'('  shift 40
	'['  shift 107
	'$'  shift 23
	.  reduce 60 (src line 325)

	name  goto 38
	names  goto 69
	optnames  goto 68
	list  goto 39
	nameel  goto 35
	mapels  goto 106

state 89
	setvar:  NAME '[' name.']' as names 

	']'  shift 108
	.  error


state 90
	list:  name '^' list.    (52)
	list:  list.'^' name 
	list:  list.'^' list 

	.  reduce 52 (src line 277)


state 91
	list:  name.'^' list 

	'^'  shift 66
	.  error


state 92
	list:  name.'^' list 
	list:  list '^' name.    (53)

	.  reduce 53 (src line 282)


state 93
	list:  list.'^' name 
	list:  list.'^' list 
	list:  list '^' list.    (54)

	.  reduce 54 (src line 287)


state 94
	list:  '(' optnames ')'.    (51)

	.  reduce 51 (src line 272)


state 95
	blkcmds:  blkcmds.sep bgpipe 
	list:  INBLK optsep blkcmds.optsep '}' 
	optsep: .    (46)

	NL  shift 11
	';'  shift 12
	.  reduce 46 (src line 254)

	sep  goto 101
	optsep  goto 109

state 96
	blkcmds:  blkcmds.sep bgpipe 
	list:  OUTBLK optsep blkcmds.optsep '}' 
	optsep: .    (46)

	NL  shift 11
	';'  shift 12
	.  reduce 46 (src line 254)

	sep  goto 101
	optsep  goto 110

state 97
	name:  '$' NAME '[' name.']' 

	']'  shift 111
	.  error


state 98
	name:  SINGLE NAME '[' name.']' 

	']'  shift 112
	.  error


state 99
	func:  FUNC NAME '{' optsep blkcmds.optsep '}' 
	blkcmds:  blkcmds.sep bgpipe 
	optsep: .    (46)

	NL  shift 11
	';'  shift 12
	.  reduce 46 (src line 254)

	sep  goto 101
	optsep  goto 113

state 100
	cmd:  '{' optsep blkcmds optsep.'}' optredirs 

	'}'  shift 114
	.  error


state 101
	blkcmds:  blkcmds sep.bgpipe 
	optsep:  sep.    (45)
	optin: .    (16)

	PIPE  shift 14
	IREDIR  shift 9
	'}'  reduce 45 (src line 252)
	.  reduce 16 (src line 110)

	bgpipe  goto 115
	pipe  goto 8
	optin  goto 13

state 102
	cmd:  FOR names '{' optsep.blkcmds optsep '}' optredirs 
	optin: .    (16)

	PIPE  shift 14
	IREDIR  shift 9
	.  reduce 16 (src line 110)

	bgpipe  goto 82
	pipe  goto 8
	blkcmds  goto 116
	optin  goto 13

state 103
	cmd:  WHILE pipe '{' optsep.blkcmds optsep '}' optredirs 
	optin: .    (16)

	PIPE  shift 14
	IREDIR  shift 9
	.  reduce 16 (src line 110)

	bgpipe  goto 82
	pipe  goto 8
	blkcmds  goto 117
	optin  goto 13

state 104
	cond:  cond OR '{' optsep.blkcmds optsep '}' 
	optin: .    (16)

	PIPE  shift 14
	IREDIR  shift 9
	.  reduce 16 (src line 110)

	bgpipe  goto 82
	pipe  goto 8
	blkcmds  goto 118
	optin  goto 13

state 105
	cond:  COND '{' optsep blkcmds.optsep '}' 
	blkcmds:  blkcmds.sep bgpipe 
	optsep: .    (46)

	NL  shift 11
	';'  shift 12
	.  reduce 46 (src line 254)

	sep  goto 101
	optsep  goto 119

state 106
	setvar:  NAME as '(' mapels.')' 
	mapels:  mapels.'[' names ']' 

	')'  shift 120
	'['  shift 121
	.  error


state 107
	mapels:  '['.names ']' 

	LEN  shift 25
	SINGLE  shift 24
	NAME  shift 22
	INBLK  shift 41
	OUTBLK  shift 42
	'('  shift 40
	'$'  shift 23
	.  error

	name  goto 38
	names  goto 122
	list  goto 39
	nameel  goto 35

state 108
	setvar:  NAME '[' name ']'.as names 

	'='  shift 64
	'←'  shift 65
	.  error

	as  goto 123

state 109
	list:  INBLK optsep blkcmds optsep.'}' 

	'}'  shift 124
	.  error


state 110
	list:  OUTBLK optsep blkcmds optsep.'}' 

	'}'  shift 125
	.  error


state 111
	name:  '$' NAME '[' name ']'.    (64)

	.  reduce 64 (src line 343)


state 112
	name:  SINGLE NAME '[' name ']'.    (65)

	.  reduce 65 (src line 347)


state 113
	func:  FUNC NAME '{' optsep blkcmds optsep.'}' 

	'}'  shift 126
	.  error


state 114
	cmd:  '{' optsep blkcmds optsep '}'.optredirs 
	optredirs: .    (35)

	IREDIR  shift 52
	OREDIR  shift 53
	APP  shift 54
	.  reduce 35 (src line 207)

	redir  goto 51
	redirs  goto 50
	optredirs  goto 127

state 115
	blkcmds:  blkcmds sep bgpipe.    (32)

	.  reduce 32 (src line 191)


state 116
	cmd:  FOR names '{' optsep blkcmds.optsep '}' optredirs 
	blkcmds:  blkcmds.sep bgpipe 
	optsep: .    (46)

	NL  shift 11
	';'  shift 12
	.  reduce 46 (src line 254)

	sep  goto 101
	optsep  goto 128

state 117
	cmd:  WHILE pipe '{' optsep blkcmds.optsep '}' optredirs 
	blkcmds:  blkcmds.sep bgpipe 
	optsep: .    (46)

	NL  shift 11
	';'  shift 12
	.  reduce 46 (src line 254)

	sep  goto 101
	optsep  goto 129

state 118
	cond:  cond OR '{' optsep blkcmds.optsep '}' 
	blkcmds:  blkcmds.sep bgpipe 
	optsep: .    (46)

	NL  shift 11
	';'  shift 12
	.  reduce 46 (src line 254)

	sep  goto 101
	optsep  goto 130

state 119
	cond:  COND '{' optsep blkcmds optsep.'}' 

	'}'  shift 131
	.  error


state 120
	setvar:  NAME as '(' mapels ')'.    (26)

	.  reduce 26 (src line 162)


state 121
	mapels:  mapels '['.names ']' 

	LEN  shift 25
	SINGLE  shift 24
	NAME  shift 22
	INBLK  shift 41
	OUTBLK  shift 42
	'('  shift 40
	'$'  shift 23
	.  error

	name  goto 38
	names  goto 132
	list  goto 39
	nameel  goto 35

state 122
	names:  names.nameel 
	mapels:  '[' names.']' 

	LEN  shift 25
	SINGLE  shift 24
	NAME  shift 22
	INBLK  shift 41
	OUTBLK  shift 42
	'('  shift 40
	']'  shift 133
	'$'  shift 23
	.  error

	name  goto 38
	list  goto 39
	nameel  goto 49

state 123
	setvar:  NAME '[' name ']' as.names 

	LEN  shift 25
	SINGLE  shift 24
	NAME  shift 22
	INBLK  shift 41
	OUTBLK  shift 42
	'('  shift 40
	'$'  shift 23
	.  error

	name  goto 38
	names  goto 134
	list  goto 39
	nameel  goto 35

state 124
	list:  INBLK optsep blkcmds optsep '}'.    (55)

	.  reduce 55 (src line 291)


state 125
	list:  OUTBLK optsep blkcmds optsep '}'.    (56)

	.  reduce 56 (src line 300)


state 126
	func:  FUNC NAME '{' optsep blkcmds optsep '}'.    (9)

	.  reduce 9 (src line 63)


state 127
	cmd:  '{' optsep blkcmds optsep '}' optredirs.    (20)

	.  reduce 20 (src line 134)


state 128
	cmd:  FOR names '{' optsep blkcmds optsep.'}' optredirs 

	'}'  shift 135
	.  error


state 129
	cmd:  WHILE pipe '{' optsep blkcmds optsep.'}' optredirs 

	'}'  shift 136
	.  error


state 130
	cond:  cond OR '{' optsep blkcmds optsep.'}' 

	'}'  shift 137
	.  error


state 131
	cond:  COND '{' optsep blkcmds optsep '}'.    (30)

	.  reduce 30 (src line 177)


state 132
	names:  names.nameel 
	mapels:  mapels '[' names.']' 

	LEN  shift 25
	SINGLE  shift 24
	NAME  shift 22
	INBLK  shift 41
	OUTBLK  shift 42
	'('  shift 40
	']'  shift 138
	'$'  shift 23
	.  error

	name  goto 38
	list  goto 39
	nameel  goto 49

state 133
	mapels:  '[' names ']'.    (58)

	.  reduce 58 (src line 316)


state 134
	setvar:  NAME '[' name ']' as names.    (27)
	names:  names.nameel 

	LEN  shift 25
	SINGLE  shift 24
	NAME  shift 22
	INBLK  shift 41
	OUTBLK  shift 42
	'('  shift 40
	'$'  shift 23
	.  reduce 27 (src line 167)

	name  goto 38
	list  goto 39
	nameel  goto 49

state 135
	cmd:  FOR names '{' optsep blkcmds optsep '}'.optredirs 
	optredirs: .    (35)

	IREDIR  shift 52
	OREDIR  shift 53
	APP  shift 54
	.  reduce 35 (src line 207)

	redir  goto 51
	redirs  goto 50
	optredirs  goto 139

state 136
	cmd:  WHILE pipe '{' optsep blkcmds optsep '}'.optredirs 
	optredirs: .    (35)

	IREDIR  shift 52
	OREDIR  shift 53
	APP  shift 54
	.  reduce 35 (src line 207)

	redir  goto 51
	redirs  goto 50
	optredirs  goto 140

state 137
	cond:  cond OR '{' optsep blkcmds optsep '}'.    (31)

	.  reduce 31 (src line 184)


state 138
	mapels:  mapels '[' names ']'.    (57)

	.  reduce 57 (src line 311)


state 139
	cmd:  FOR names '{' optsep blkcmds optsep '}' optredirs.    (21)

	.  reduce 21 (src line 139)


state 140
	cmd:  WHILE pipe '{' optsep blkcmds optsep '}' optredirs.    (22)

	.  reduce 22 (src line 144)


32 terminals, 27 nonterminals
67 grammar rules, 141/2000 states
0 shift/reduce, 0 reduce/reduce conflicts reported
76 working sets used
memory: parser 177/30000
108 extra closures
287 shift entries, 26 exceptions
97 goto entries
86 entries saved by goto default
Optimizer space used: output 262/30000
262 table entries, 42 zero
maximum spread: 32, maximum offset: 136
