
state 0
	$accept: .toplvl $end 

	INT  shift 7
	NUM  shift 6
	FUNC  shift 5
	NAME  shift 8
	TIME  shift 9
	-  shift 3
	!  shift 10
	^  shift 11
	(  shift 4
	.  error

	expr  goto 2
	toplvl  goto 1

state 1
	$accept:  toplvl.$end 

	$end  accept
	.  error


state 2
	toplvl:  expr.    (1)
	expr:  expr.+ expr 
	expr:  expr.- expr 
	expr:  expr.* expr 
	expr:  expr./ expr 
	expr:  expr.% expr 
	expr:  expr.< expr 
	expr:  expr.> expr 
	expr:  expr.LE expr 
	expr:  expr.GE expr 
	expr:  expr.= expr 
	expr:  expr.EQN expr 
	expr:  expr.NEQ expr 
	expr:  expr.AND expr 
	expr:  expr.OR expr 
	expr:  expr.& expr 
	expr:  expr.| expr 

	OR  shift 25
	AND  shift 24
	=  shift 21
	EQN  shift 22
	NEQ  shift 23
	<  shift 17
	>  shift 18
	LE  shift 19
	GE  shift 20
	+  shift 12
	-  shift 13
	*  shift 14
	/  shift 15
	%  shift 16
	&  shift 26
	|  shift 27
	.  reduce 1 (src line 44)


state 3
	expr:  -.expr 

	INT  shift 7
	NUM  shift 6
	FUNC  shift 5
	NAME  shift 8
	TIME  shift 9
	-  shift 3
	!  shift 10
	^  shift 11
	(  shift 4
	.  error

	expr  goto 28

state 4
	expr:  (.expr ) 

	INT  shift 7
	NUM  shift 6
	FUNC  shift 5
	NAME  shift 8
	TIME  shift 9
	-  shift 3
	!  shift 10
	^  shift 11
	(  shift 4
	.  error

	expr  goto 29

state 5
	expr:  FUNC.expr 

	INT  shift 7
	NUM  shift 6
	FUNC  shift 5
	NAME  shift 8
	TIME  shift 9
	-  shift 3
	!  shift 10
	^  shift 11
	(  shift 4
	.  error

	expr  goto 30

state 6
	expr:  NUM.    (10)

	.  reduce 10 (src line 90)


state 7
	expr:  INT.    (11)

	.  reduce 11 (src line 94)


state 8
	expr:  NAME.    (12)

	.  reduce 12 (src line 98)


state 9
	expr:  TIME.    (13)

	.  reduce 13 (src line 102)


state 10
	expr:  !.expr 

	INT  shift 7
	NUM  shift 6
	FUNC  shift 5
	NAME  shift 8
	TIME  shift 9
	-  shift 3
	!  shift 10
	^  shift 11
	(  shift 4
	.  error

	expr  goto 31

state 11
	expr:  ^.expr 

	INT  shift 7
	NUM  shift 6
	FUNC  shift 5
	NAME  shift 8
	TIME  shift 9
	-  shift 3
	!  shift 10
	^  shift 11
	(  shift 4
	.  error

	expr  goto 32

state 12
	expr:  expr +.expr 

	INT  shift 7
	NUM  shift 6
	FUNC  shift 5
	NAME  shift 8
	TIME  shift 9
	-  shift 3
	!  shift 10
	^  shift 11
	(  shift 4
	.  error

	expr  goto 33

state 13
	expr:  expr -.expr 

	INT  shift 7
	NUM  shift 6
	FUNC  shift 5
	NAME  shift 8
	TIME  shift 9
	-  shift 3
	!  shift 10
	^  shift 11
	(  shift 4
	.  error

	expr  goto 34

state 14
	expr:  expr *.expr 

	INT  shift 7
	NUM  shift 6
	FUNC  shift 5
	NAME  shift 8
	TIME  shift 9
	-  shift 3
	!  shift 10
	^  shift 11
	(  shift 4
	.  error

	expr  goto 35

state 15
	expr:  expr /.expr 

	INT  shift 7
	NUM  shift 6
	FUNC  shift 5
	NAME  shift 8
	TIME  shift 9
	-  shift 3
	!  shift 10
	^  shift 11
	(  shift 4
	.  error

	expr  goto 36

state 16
	expr:  expr %.expr 

	INT  shift 7
	NUM  shift 6
	FUNC  shift 5
	NAME  shift 8
	TIME  shift 9
	-  shift 3
	!  shift 10
	^  shift 11
	(  shift 4
	.  error

	expr  goto 37

state 17
	expr:  expr <.expr 

	INT  shift 7
	NUM  shift 6
	FUNC  shift 5
	NAME  shift 8
	TIME  shift 9
	-  shift 3
	!  shift 10
	^  shift 11
	(  shift 4
	.  error

	expr  goto 38

state 18
	expr:  expr >.expr 

	INT  shift 7
	NUM  shift 6
	FUNC  shift 5
	NAME  shift 8
	TIME  shift 9
	-  shift 3
	!  shift 10
	^  shift 11
	(  shift 4
	.  error

	expr  goto 39

state 19
	expr:  expr LE.expr 

	INT  shift 7
	NUM  shift 6
	FUNC  shift 5
	NAME  shift 8
	TIME  shift 9
	-  shift 3
	!  shift 10
	^  shift 11
	(  shift 4
	.  error

	expr  goto 40

state 20
	expr:  expr GE.expr 

	INT  shift 7
	NUM  shift 6
	FUNC  shift 5
	NAME  shift 8
	TIME  shift 9
	-  shift 3
	!  shift 10
	^  shift 11
	(  shift 4
	.  error

	expr  goto 41

state 21
	expr:  expr =.expr 

	INT  shift 7
	NUM  shift 6
	FUNC  shift 5
	NAME  shift 8
	TIME  shift 9
	-  shift 3
	!  shift 10
	^  shift 11
	(  shift 4
	.  error

	expr  goto 42

state 22
	expr:  expr EQN.expr 

	INT  shift 7
	NUM  shift 6
	FUNC  shift 5
	NAME  shift 8
	TIME  shift 9
	-  shift 3
	!  shift 10
	^  shift 11
	(  shift 4
	.  error

	expr  goto 43

state 23
	expr:  expr NEQ.expr 

	INT  shift 7
	NUM  shift 6
	FUNC  shift 5
	NAME  shift 8
	TIME  shift 9
	-  shift 3
	!  shift 10
	^  shift 11
	(  shift 4
	.  error

	expr  goto 44

state 24
	expr:  expr AND.expr 

	INT  shift 7
	NUM  shift 6
	FUNC  shift 5
	NAME  shift 8
	TIME  shift 9
	-  shift 3
	!  shift 10
	^  shift 11
	(  shift 4
	.  error

	expr  goto 45

state 25
	expr:  expr OR.expr 

	INT  shift 7
	NUM  shift 6
	FUNC  shift 5
	NAME  shift 8
	TIME  shift 9
	-  shift 3
	!  shift 10
	^  shift 11
	(  shift 4
	.  error

	expr  goto 46

state 26
	expr:  expr &.expr 

	INT  shift 7
	NUM  shift 6
	FUNC  shift 5
	NAME  shift 8
	TIME  shift 9
	-  shift 3
	!  shift 10
	^  shift 11
	(  shift 4
	.  error

	expr  goto 47

state 27
	expr:  expr |.expr 

	INT  shift 7
	NUM  shift 6
	FUNC  shift 5
	NAME  shift 8
	TIME  shift 9
	-  shift 3
	!  shift 10
	^  shift 11
	(  shift 4
	.  error

	expr  goto 48

state 28
	expr:  expr.+ expr 
	expr:  expr.- expr 
	expr:  expr.* expr 
	expr:  - expr.    (5)
	expr:  expr./ expr 
	expr:  expr.% expr 
	expr:  expr.< expr 
	expr:  expr.> expr 
	expr:  expr.LE expr 
	expr:  expr.GE expr 
	expr:  expr.= expr 
	expr:  expr.EQN expr 
	expr:  expr.NEQ expr 
	expr:  expr.AND expr 
	expr:  expr.OR expr 
	expr:  expr.& expr 
	expr:  expr.| expr 

	.  reduce 5 (src line 63)


state 29
	expr:  expr.+ expr 
	expr:  expr.- expr 
	expr:  expr.* expr 
	expr:  expr./ expr 
	expr:  expr.% expr 
	expr:  ( expr.) 
	expr:  expr.< expr 
	expr:  expr.> expr 
	expr:  expr.LE expr 
	expr:  expr.GE expr 
	expr:  expr.= expr 
	expr:  expr.EQN expr 
	expr:  expr.NEQ expr 
	expr:  expr.AND expr 
	expr:  expr.OR expr 
	expr:  expr.& expr 
	expr:  expr.| expr 

	OR  shift 25
	AND  shift 24
	=  shift 21
	EQN  shift 22
	NEQ  shift 23
	<  shift 17
	>  shift 18
	LE  shift 19
	GE  shift 20
	+  shift 12
	-  shift 13
	*  shift 14
	/  shift 15
	%  shift 16
	&  shift 26
	|  shift 27
	)  shift 49
	.  error


state 30
	expr:  expr.+ expr 
	expr:  expr.- expr 
	expr:  expr.* expr 
	expr:  expr./ expr 
	expr:  expr.% expr 
	expr:  FUNC expr.    (9)
	expr:  expr.< expr 
	expr:  expr.> expr 
	expr:  expr.LE expr 
	expr:  expr.GE expr 
	expr:  expr.= expr 
	expr:  expr.EQN expr 
	expr:  expr.NEQ expr 
	expr:  expr.AND expr 
	expr:  expr.OR expr 
	expr:  expr.& expr 
	expr:  expr.| expr 

	.  reduce 9 (src line 79)


state 31
	expr:  expr.+ expr 
	expr:  expr.- expr 
	expr:  expr.* expr 
	expr:  expr./ expr 
	expr:  expr.% expr 
	expr:  expr.< expr 
	expr:  expr.> expr 
	expr:  expr.LE expr 
	expr:  expr.GE expr 
	expr:  expr.= expr 
	expr:  expr.EQN expr 
	expr:  expr.NEQ expr 
	expr:  expr.AND expr 
	expr:  expr.OR expr 
	expr:  expr.& expr 
	expr:  expr.| expr 
	expr:  ! expr.    (25)

	.  reduce 25 (src line 150)


state 32
	expr:  expr.+ expr 
	expr:  expr.- expr 
	expr:  expr.* expr 
	expr:  expr./ expr 
	expr:  expr.% expr 
	expr:  expr.< expr 
	expr:  expr.> expr 
	expr:  expr.LE expr 
	expr:  expr.GE expr 
	expr:  expr.= expr 
	expr:  expr.EQN expr 
	expr:  expr.NEQ expr 
	expr:  expr.AND expr 
	expr:  expr.OR expr 
	expr:  expr.& expr 
	expr:  expr.| expr 
	expr:  ^ expr.    (26)

	.  reduce 26 (src line 154)


state 33
	expr:  expr.+ expr 
	expr:  expr + expr.    (2)
	expr:  expr.- expr 
	expr:  expr.* expr 
	expr:  expr./ expr 
	expr:  expr.% expr 
	expr:  expr.< expr 
	expr:  expr.> expr 
	expr:  expr.LE expr 
	expr:  expr.GE expr 
	expr:  expr.= expr 
	expr:  expr.EQN expr 
	expr:  expr.NEQ expr 
	expr:  expr.AND expr 
	expr:  expr.OR expr 
	expr:  expr.& expr 
	expr:  expr.| expr 

	*  shift 14
	/  shift 15
	%  shift 16
	&  shift 26
	|  shift 27
	.  reduce 2 (src line 50)


state 34
	expr:  expr.+ expr 
	expr:  expr.- expr 
	expr:  expr - expr.    (3)
	expr:  expr.* expr 
	expr:  expr./ expr 
	expr:  expr.% expr 
	expr:  expr.< expr 
	expr:  expr.> expr 
	expr:  expr.LE expr 
	expr:  expr.GE expr 
	expr:  expr.= expr 
	expr:  expr.EQN expr 
	expr:  expr.NEQ expr 
	expr:  expr.AND expr 
	expr:  expr.OR expr 
	expr:  expr.& expr 
	expr:  expr.| expr 

	*  shift 14
	/  shift 15
	%  shift 16
	&  shift 26
	|  shift 27
	.  reduce 3 (src line 55)


state 35
	expr:  expr.+ expr 
	expr:  expr.- expr 
	expr:  expr.* expr 
	expr:  expr * expr.    (4)
	expr:  expr./ expr 
	expr:  expr.% expr 
	expr:  expr.< expr 
	expr:  expr.> expr 
	expr:  expr.LE expr 
	expr:  expr.GE expr 
	expr:  expr.= expr 
	expr:  expr.EQN expr 
	expr:  expr.NEQ expr 
	expr:  expr.AND expr 
	expr:  expr.OR expr 
	expr:  expr.& expr 
	expr:  expr.| expr 

	.  reduce 4 (src line 59)


state 36
	expr:  expr.+ expr 
	expr:  expr.- expr 
	expr:  expr.* expr 
	expr:  expr./ expr 
	expr:  expr / expr.    (6)
	expr:  expr.% expr 
	expr:  expr.< expr 
	expr:  expr.> expr 
	expr:  expr.LE expr 
	expr:  expr.GE expr 
	expr:  expr.= expr 
	expr:  expr.EQN expr 
	expr:  expr.NEQ expr 
	expr:  expr.AND expr 
	expr:  expr.OR expr 
	expr:  expr.& expr 
	expr:  expr.| expr 

	.  reduce 6 (src line 67)


state 37
	expr:  expr.+ expr 
	expr:  expr.- expr 
	expr:  expr.* expr 
	expr:  expr./ expr 
	expr:  expr.% expr 
	expr:  expr % expr.    (7)
	expr:  expr.< expr 
	expr:  expr.> expr 
	expr:  expr.LE expr 
	expr:  expr.GE expr 
	expr:  expr.= expr 
	expr:  expr.EQN expr 
	expr:  expr.NEQ expr 
	expr:  expr.AND expr 
	expr:  expr.OR expr 
	expr:  expr.& expr 
	expr:  expr.| expr 

	.  reduce 7 (src line 71)


state 38
	expr:  expr.+ expr 
	expr:  expr.- expr 
	expr:  expr.* expr 
	expr:  expr./ expr 
	expr:  expr.% expr 
	expr:  expr.< expr 
	expr:  expr < expr.    (14)
	expr:  expr.> expr 
	expr:  expr.LE expr 
	expr:  expr.GE expr 
	expr:  expr.= expr 
	expr:  expr.EQN expr 
	expr:  expr.NEQ expr 
	expr:  expr.AND expr 
	expr:  expr.OR expr 
	expr:  expr.& expr 
	expr:  expr.| expr 

	+  shift 12
	-  shift 13
	*  shift 14
	/  shift 15
	%  shift 16
	&  shift 26
	|  shift 27
	.  reduce 14 (src line 106)


state 39
	expr:  expr.+ expr 
	expr:  expr.- expr 
	expr:  expr.* expr 
	expr:  expr./ expr 
	expr:  expr.% expr 
	expr:  expr.< expr 
	expr:  expr.> expr 
	expr:  expr > expr.    (15)
	expr:  expr.LE expr 
	expr:  expr.GE expr 
	expr:  expr.= expr 
	expr:  expr.EQN expr 
	expr:  expr.NEQ expr 
	expr:  expr.AND expr 
	expr:  expr.OR expr 
	expr:  expr.& expr 
	expr:  expr.| expr 

	+  shift 12
	-  shift 13
	*  shift 14
	/  shift 15
	%  shift 16
	&  shift 26
	|  shift 27
	.  reduce 15 (src line 110)


state 40
	expr:  expr.+ expr 
	expr:  expr.- expr 
	expr:  expr.* expr 
	expr:  expr./ expr 
	expr:  expr.% expr 
	expr:  expr.< expr 
	expr:  expr.> expr 
	expr:  expr.LE expr 
	expr:  expr LE expr.    (16)
	expr:  expr.GE expr 
	expr:  expr.= expr 
	expr:  expr.EQN expr 
	expr:  expr.NEQ expr 
	expr:  expr.AND expr 
	expr:  expr.OR expr 
	expr:  expr.& expr 
	expr:  expr.| expr 

	+  shift 12
	-  shift 13
	*  shift 14
	/  shift 15
	%  shift 16
	&  shift 26
	|  shift 27
	.  reduce 16 (src line 114)


state 41
	expr:  expr.+ expr 
	expr:  expr.- expr 
	expr:  expr.* expr 
	expr:  expr./ expr 
	expr:  expr.% expr 
	expr:  expr.< expr 
	expr:  expr.> expr 
	expr:  expr.LE expr 
	expr:  expr.GE expr 
	expr:  expr GE expr.    (17)
	expr:  expr.= expr 
	expr:  expr.EQN expr 
	expr:  expr.NEQ expr 
	expr:  expr.AND expr 
	expr:  expr.OR expr 
	expr:  expr.& expr 
	expr:  expr.| expr 

	+  shift 12
	-  shift 13
	*  shift 14
	/  shift 15
	%  shift 16
	&  shift 26
	|  shift 27
	.  reduce 17 (src line 118)


state 42
	expr:  expr.+ expr 
	expr:  expr.- expr 
	expr:  expr.* expr 
	expr:  expr./ expr 
	expr:  expr.% expr 
	expr:  expr.< expr 
	expr:  expr.> expr 
	expr:  expr.LE expr 
	expr:  expr.GE expr 
	expr:  expr.= expr 
	expr:  expr = expr.    (18)
	expr:  expr.EQN expr 
	expr:  expr.NEQ expr 
	expr:  expr.AND expr 
	expr:  expr.OR expr 
	expr:  expr.& expr 
	expr:  expr.| expr 

	<  shift 17
	>  shift 18
	LE  shift 19
	GE  shift 20
	+  shift 12
	-  shift 13
	*  shift 14
	/  shift 15
	%  shift 16
	&  shift 26
	|  shift 27
	.  reduce 18 (src line 122)


state 43
	expr:  expr.+ expr 
	expr:  expr.- expr 
	expr:  expr.* expr 
	expr:  expr./ expr 
	expr:  expr.% expr 
	expr:  expr.< expr 
	expr:  expr.> expr 
	expr:  expr.LE expr 
	expr:  expr.GE expr 
	expr:  expr.= expr 
	expr:  expr.EQN expr 
	expr:  expr EQN expr.    (19)
	expr:  expr.NEQ expr 
	expr:  expr.AND expr 
	expr:  expr.OR expr 
	expr:  expr.& expr 
	expr:  expr.| expr 

	<  shift 17
	>  shift 18
	LE  shift 19
	GE  shift 20
	+  shift 12
	-  shift 13
	*  shift 14
	/  shift 15
	%  shift 16
	&  shift 26
	|  shift 27
	.  reduce 19 (src line 126)


state 44
	expr:  expr.+ expr 
	expr:  expr.- expr 
	expr:  expr.* expr 
	expr:  expr./ expr 
	expr:  expr.% expr 
	expr:  expr.< expr 
	expr:  expr.> expr 
	expr:  expr.LE expr 
	expr:  expr.GE expr 
	expr:  expr.= expr 
	expr:  expr.EQN expr 
	expr:  expr.NEQ expr 
	expr:  expr NEQ expr.    (20)
	expr:  expr.AND expr 
	expr:  expr.OR expr 
	expr:  expr.& expr 
	expr:  expr.| expr 

	<  shift 17
	>  shift 18
	LE  shift 19
	GE  shift 20
	+  shift 12
	-  shift 13
	*  shift 14
	/  shift 15
	%  shift 16
	&  shift 26
	|  shift 27
	.  reduce 20 (src line 130)


state 45
	expr:  expr.+ expr 
	expr:  expr.- expr 
	expr:  expr.* expr 
	expr:  expr./ expr 
	expr:  expr.% expr 
	expr:  expr.< expr 
	expr:  expr.> expr 
	expr:  expr.LE expr 
	expr:  expr.GE expr 
	expr:  expr.= expr 
	expr:  expr.EQN expr 
	expr:  expr.NEQ expr 
	expr:  expr.AND expr 
	expr:  expr AND expr.    (21)
	expr:  expr.OR expr 
	expr:  expr.& expr 
	expr:  expr.| expr 

	=  shift 21
	EQN  shift 22
	NEQ  shift 23
	<  shift 17
	>  shift 18
	LE  shift 19
	GE  shift 20
	+  shift 12
	-  shift 13
	*  shift 14
	/  shift 15
	%  shift 16
	&  shift 26
	|  shift 27
	.  reduce 21 (src line 134)


state 46
	expr:  expr.+ expr 
	expr:  expr.- expr 
	expr:  expr.* expr 
	expr:  expr./ expr 
	expr:  expr.% expr 
	expr:  expr.< expr 
	expr:  expr.> expr 
	expr:  expr.LE expr 
	expr:  expr.GE expr 
	expr:  expr.= expr 
	expr:  expr.EQN expr 
	expr:  expr.NEQ expr 
	expr:  expr.AND expr 
	expr:  expr.OR expr 
	expr:  expr OR expr.    (22)
	expr:  expr.& expr 
	expr:  expr.| expr 

	AND  shift 24
	=  shift 21
	EQN  shift 22
	NEQ  shift 23
	<  shift 17
	>  shift 18
	LE  shift 19
	GE  shift 20
	+  shift 12
	-  shift 13
	*  shift 14
	/  shift 15
	%  shift 16
	&  shift 26
	|  shift 27
	.  reduce 22 (src line 138)


state 47
	expr:  expr.+ expr 
	expr:  expr.- expr 
	expr:  expr.* expr 
	expr:  expr./ expr 
	expr:  expr.% expr 
	expr:  expr.< expr 
	expr:  expr.> expr 
	expr:  expr.LE expr 
	expr:  expr.GE expr 
	expr:  expr.= expr 
	expr:  expr.EQN expr 
	expr:  expr.NEQ expr 
	expr:  expr.AND expr 
	expr:  expr.OR expr 
	expr:  expr.& expr 
	expr:  expr & expr.    (23)
	expr:  expr.| expr 

	.  reduce 23 (src line 142)


state 48
	expr:  expr.+ expr 
	expr:  expr.- expr 
	expr:  expr.* expr 
	expr:  expr./ expr 
	expr:  expr.% expr 
	expr:  expr.< expr 
	expr:  expr.> expr 
	expr:  expr.LE expr 
	expr:  expr.GE expr 
	expr:  expr.= expr 
	expr:  expr.EQN expr 
	expr:  expr.NEQ expr 
	expr:  expr.AND expr 
	expr:  expr.OR expr 
	expr:  expr.& expr 
	expr:  expr.| expr 
	expr:  expr | expr.    (24)

	.  reduce 24 (src line 146)


state 49
	expr:  ( expr ).    (8)

	.  reduce 8 (src line 75)


29 terminals, 3 nonterminals
27 grammar rules, 50/2000 states
0 shift/reduce, 0 reduce/reduce conflicts reported
52 working sets used
memory: parser 22/30000
37 extra closures
331 shift entries, 1 exceptions
23 goto entries
0 entries saved by goto default
Optimizer space used: output 131/30000
131 table entries, 14 zero
maximum spread: 29, maximum offset: 27
